<?xml version="1.0" encoding="UTF-8"?>
<!-- Generated by org.testng.reporters.JUnitXMLReporter -->
<testsuite hostname="DESKTOP-MR5MJ5R" ignored="0" name="Validating NavigationBar" tests="2" failures="0" timestamp="2020-02-28T20:04:53 EST" time="17.161" errors="0">
  <testcase name="basePageNavigationBar" time="0.353" classname="Codenbox.MavenProject.NavigationBarTest"/>
  <testcase name="dropDownSelect" time="4.227" classname="Codenbox.MavenProject.NavigationBarTest"/>
</testsuite> <!-- Validating NavigationBar -->
