<?xml version="1.0" encoding="UTF-8"?>
<testng-results skipped="0" failed="0" ignored="0" total="4" passed="4">
  <reporter-output>
  </reporter-output>
  <suite name="Suite" duration-ms="50392" started-at="2020-02-28T20:04:22 EST" finished-at="2020-02-28T20:05:12 EST">
    <groups>
    </groups>
    <test name="Test" duration-ms="14457" started-at="2020-02-28T20:04:22 EST" finished-at="2020-02-28T20:04:36 EST">
      <class name="Codenbox.MavenProject.ValidTitleTest">
        <test-method status="PASS" signature="basePageTitle()[pri:0, instance:Codenbox.MavenProject.ValidTitleTest@59ec2012]" name="basePageTitle" duration-ms="14223" started-at="2020-02-28T20:04:22 EST" finished-at="2020-02-28T20:04:36 EST">
          <reporter-output>
          </reporter-output>
        </test-method> <!-- basePageTitle -->
        <test-method status="PASS" signature="tearDown()[pri:0, instance:Codenbox.MavenProject.ValidTitleTest@59ec2012]" name="tearDown" is-config="true" duration-ms="168" started-at="2020-02-28T20:04:36 EST" finished-at="2020-02-28T20:04:36 EST">
          <reporter-output>
          </reporter-output>
        </test-method> <!-- tearDown -->
      </class> <!-- Codenbox.MavenProject.ValidTitleTest -->
    </test> <!-- Test -->
    <test name="Validating NavigationBar" duration-ms="17161" started-at="2020-02-28T20:04:36 EST" finished-at="2020-02-28T20:04:53 EST">
      <class name="Codenbox.MavenProject.NavigationBarTest">
        <test-method status="PASS" signature="initialize()[pri:0, instance:Codenbox.MavenProject.NavigationBarTest@5025a98f]" name="initialize" is-config="true" duration-ms="12436" started-at="2020-02-28T20:04:36 EST" finished-at="2020-02-28T20:04:48 EST">
          <reporter-output>
          </reporter-output>
        </test-method> <!-- initialize -->
        <test-method status="PASS" signature="basePageNavigationBar()[pri:0, instance:Codenbox.MavenProject.NavigationBarTest@5025a98f]" name="basePageNavigationBar" duration-ms="353" started-at="2020-02-28T20:04:48 EST" finished-at="2020-02-28T20:04:49 EST">
          <reporter-output>
          </reporter-output>
        </test-method> <!-- basePageNavigationBar -->
        <test-method status="PASS" signature="dropDownSelect()[pri:0, instance:Codenbox.MavenProject.NavigationBarTest@5025a98f]" name="dropDownSelect" duration-ms="4227" started-at="2020-02-28T20:04:49 EST" finished-at="2020-02-28T20:04:53 EST">
          <reporter-output>
          </reporter-output>
        </test-method> <!-- dropDownSelect -->
        <test-method status="PASS" signature="tearDown()[pri:0, instance:Codenbox.MavenProject.NavigationBarTest@5025a98f]" name="tearDown" is-config="true" duration-ms="144" started-at="2020-02-28T20:04:53 EST" finished-at="2020-02-28T20:04:53 EST">
          <reporter-output>
          </reporter-output>
        </test-method> <!-- tearDown -->
      </class> <!-- Codenbox.MavenProject.NavigationBarTest -->
    </test> <!-- Validating NavigationBar -->
    <test name="Validating Login" duration-ms="18697" started-at="2020-02-28T20:04:53 EST" finished-at="2020-02-28T20:05:12 EST">
      <class name="Codenbox.MavenProject.LoginPageTest">
        <test-method status="PASS" signature="initialize()[pri:0, instance:Codenbox.MavenProject.LoginPageTest@10bdf5e5]" name="initialize" is-config="true" duration-ms="12413" started-at="2020-02-28T20:04:53 EST" finished-at="2020-02-28T20:05:06 EST">
          <reporter-output>
          </reporter-output>
        </test-method> <!-- initialize -->
        <test-method status="PASS" signature="basePageNavigation(java.lang.String, java.lang.String)[pri:0, instance:Codenbox.MavenProject.LoginPageTest@10bdf5e5]" name="basePageNavigation" duration-ms="6181" started-at="2020-02-28T20:05:06 EST" data-provider="getData" finished-at="2020-02-28T20:05:12 EST">
          <params>
            <param index="0">
              <value>
                <![CDATA[test@test.com]]>
              </value>
            </param>
            <param index="1">
              <value>
                <![CDATA[123456]]>
              </value>
            </param>
          </params>
          <reporter-output>
          </reporter-output>
        </test-method> <!-- basePageNavigation -->
        <test-method status="PASS" signature="tearDown()[pri:0, instance:Codenbox.MavenProject.LoginPageTest@10bdf5e5]" name="tearDown" is-config="true" duration-ms="92" started-at="2020-02-28T20:05:12 EST" finished-at="2020-02-28T20:05:12 EST">
          <reporter-output>
          </reporter-output>
        </test-method> <!-- tearDown -->
      </class> <!-- Codenbox.MavenProject.LoginPageTest -->
    </test> <!-- Validating Login -->
  </suite> <!-- Suite -->
</testng-results>
