<?xml version="1.0" encoding="UTF-8"?>
<testsuite xmlns:xsi="http://www.w3.org/2001/XMLSchema-instance" xsi:noNamespaceSchemaLocation="https://maven.apache.org/surefire/maven-surefire-plugin/xsd/surefire-test-report-3.0.xsd" version="3.0" name="TestSuite" time="51.717" tests="4" errors="0" skipped="0" failures="0">
  <properties>
[...]
</properties>
  <testcase name="basePageTitle" classname="Codenbox.MavenProject.ValidTitleTest" time="14.229"/>
  <testcase name="basePageNavigationBar" classname="Codenbox.MavenProject.NavigationBarTest" time="0.352"/>
  <testcase name="dropDownSelect" classname="Codenbox.MavenProject.NavigationBarTest" time="4.226"/>
  <testcase name="basePageNavigation" classname="Codenbox.MavenProject.LoginPageTest" time="6.182"/>
</testsuite>