<?xml version="1.0" encoding="UTF-8"?>
<testng-results skipped="0" failed="0" ignored="0" total="4" passed="4">
  <reporter-output>
  </reporter-output>
  <suite name="Suite" duration-ms="56325" started-at="2020-02-26T21:07:21 EST" finished-at="2020-02-26T21:08:17 EST">
    <groups>
    </groups>
    <test name="Test" duration-ms="16084" started-at="2020-02-26T21:07:21 EST" finished-at="2020-02-26T21:07:37 EST">
      <class name="Codenbox.MavenProject.ValidTitleTest">
        <test-method status="PASS" signature="basePageTitle()[pri:0, instance:Codenbox.MavenProject.ValidTitleTest@5d76b067]" name="basePageTitle" duration-ms="15839" started-at="2020-02-26T21:07:21 EST" finished-at="2020-02-26T21:07:37 EST">
          <reporter-output>
          </reporter-output>
        </test-method> <!-- basePageTitle -->
        <test-method status="PASS" signature="tearDown()[pri:0, instance:Codenbox.MavenProject.ValidTitleTest@5d76b067]" name="tearDown" is-config="true" duration-ms="188" started-at="2020-02-26T21:07:37 EST" finished-at="2020-02-26T21:07:37 EST">
          <reporter-output>
          </reporter-output>
        </test-method> <!-- tearDown -->
      </class> <!-- Codenbox.MavenProject.ValidTitleTest -->
    </test> <!-- Test -->
    <test name="Validating NavigationBar" duration-ms="17537" started-at="2020-02-26T21:07:37 EST" finished-at="2020-02-26T21:07:55 EST">
      <class name="Codenbox.MavenProject.NavigationBarTest">
        <test-method status="PASS" signature="initialize()[pri:0, instance:Codenbox.MavenProject.NavigationBarTest@3712b94]" name="initialize" is-config="true" duration-ms="12856" started-at="2020-02-26T21:07:37 EST" finished-at="2020-02-26T21:07:50 EST">
          <reporter-output>
          </reporter-output>
        </test-method> <!-- initialize -->
        <test-method status="PASS" signature="basePageNavigationBar()[pri:0, instance:Codenbox.MavenProject.NavigationBarTest@3712b94]" name="basePageNavigationBar" duration-ms="298" started-at="2020-02-26T21:07:50 EST" finished-at="2020-02-26T21:07:50 EST">
          <reporter-output>
          </reporter-output>
        </test-method> <!-- basePageNavigationBar -->
        <test-method status="PASS" signature="dropDownSelect()[pri:0, instance:Codenbox.MavenProject.NavigationBarTest@3712b94]" name="dropDownSelect" duration-ms="4230" started-at="2020-02-26T21:07:50 EST" finished-at="2020-02-26T21:07:55 EST">
          <reporter-output>
          </reporter-output>
        </test-method> <!-- dropDownSelect -->
        <test-method status="PASS" signature="tearDown()[pri:0, instance:Codenbox.MavenProject.NavigationBarTest@3712b94]" name="tearDown" is-config="true" duration-ms="148" started-at="2020-02-26T21:07:55 EST" finished-at="2020-02-26T21:07:55 EST">
          <reporter-output>
          </reporter-output>
        </test-method> <!-- tearDown -->
      </class> <!-- Codenbox.MavenProject.NavigationBarTest -->
    </test> <!-- Validating NavigationBar -->
    <test name="Validating Login" duration-ms="22400" started-at="2020-02-26T21:07:55 EST" finished-at="2020-02-26T21:08:17 EST">
      <class name="Codenbox.MavenProject.LoginPageTest">
        <test-method status="PASS" signature="initialize()[pri:0, instance:Codenbox.MavenProject.LoginPageTest@1f57539]" name="initialize" is-config="true" duration-ms="13818" started-at="2020-02-26T21:07:55 EST" finished-at="2020-02-26T21:08:09 EST">
          <reporter-output>
          </reporter-output>
        </test-method> <!-- initialize -->
        <test-method status="PASS" signature="basePageNavigation(java.lang.String, java.lang.String)[pri:0, instance:Codenbox.MavenProject.LoginPageTest@1f57539]" name="basePageNavigation" duration-ms="8292" started-at="2020-02-26T21:08:09 EST" data-provider="getData" finished-at="2020-02-26T21:08:17 EST">
          <params>
            <param index="0">
              <value>
                <![CDATA[test@test.com]]>
              </value>
            </param>
            <param index="1">
              <value>
                <![CDATA[123456]]>
              </value>
            </param>
          </params>
          <reporter-output>
          </reporter-output>
        </test-method> <!-- basePageNavigation -->
        <test-method status="PASS" signature="tearDown()[pri:0, instance:Codenbox.MavenProject.LoginPageTest@1f57539]" name="tearDown" is-config="true" duration-ms="276" started-at="2020-02-26T21:08:17 EST" finished-at="2020-02-26T21:08:17 EST">
          <reporter-output>
          </reporter-output>
        </test-method> <!-- tearDown -->
      </class> <!-- Codenbox.MavenProject.LoginPageTest -->
    </test> <!-- Validating Login -->
  </suite> <!-- Suite -->
</testng-results>
